[28-Jul-2023 02:43:55 UTC] File: C:\Users\ACER\Documents\IT9\Local\altaboards\app\public\wp-content\themes\altaboards\includes\components\header\main-menu-mobile.php:34
[28-Jul-2023 02:43:55 UTC] WP_Post Object
(
    [ID] => 5
    [post_author] => 1
    [post_date] => 2023-07-28 02:29:56
    [post_date_gmt] => 2023-07-28 02:29:53
    [post_content] => 
    [post_title] => Home
    [post_excerpt] => 
    [post_status] => publish
    [comment_status] => closed
    [ping_status] => closed
    [post_password] => 
    [post_name] => home
    [to_ping] => 
    [pinged] => 
    [post_modified] => 2023-07-28 02:29:56
    [post_modified_gmt] => 2023-07-28 02:29:56
    [post_content_filtered] => 
    [post_parent] => 0
    [guid] => http://altaboards.local/?p=5
    [menu_order] => 1
    [post_type] => nav_menu_item
    [post_mime_type] => 
    [comment_count] => 0
    [filter] => raw
    [db_id] => 5
    [menu_item_parent] => 0
    [object_id] => 5
    [object] => custom
    [type] => custom
    [type_label] => Custom Link
    [title] => Home
    [url] => http://altaboards.local/
    [target] => 
    [attr_title] => 
    [description] => 
    [classes] => Array
        (
            [0] => 
        )

    [xfn] => 
)

[28-Jul-2023 02:43:55 UTC] File: C:\Users\ACER\Documents\IT9\Local\altaboards\app\public\wp-content\themes\altaboards\includes\components\header\main-menu-mobile.php:34
[28-Jul-2023 02:43:55 UTC] WP_Post Object
(
    [ID] => 6
    [post_author] => 1
    [post_date] => 2023-07-28 02:29:56
    [post_date_gmt] => 2023-07-28 02:29:53
    [post_content] =>  
    [post_title] => 
    [post_excerpt] => 
    [post_status] => publish
    [comment_status] => closed
    [ping_status] => closed
    [post_password] => 
    [post_name] => 6
    [to_ping] => 
    [pinged] => 
    [post_modified] => 2023-07-28 02:29:56
    [post_modified_gmt] => 2023-07-28 02:29:56
    [post_content_filtered] => 
    [post_parent] => 0
    [guid] => http://altaboards.local/?p=6
    [menu_order] => 2
    [post_type] => nav_menu_item
    [post_mime_type] => 
    [comment_count] => 0
    [filter] => raw
    [db_id] => 6
    [menu_item_parent] => 0
    [object_id] => 2
    [object] => page
    [type] => post_type
    [type_label] => Page
    [url] => http://altaboards.local/sample-page/
    [title] => Sample Page
    [target] => 
    [attr_title] => 
    [description] => 
    [classes] => Array
        (
            [0] => 
        )

    [xfn] => 
)

